

 NAS Parallel Benchmarks 3.3 -- FT Benchmark

 No input file inputft.data. Using compiled defaults
 Size                :  256x 256x 128
 Iterations          :              6
 Number of processes :           1056
 Processor array     :       128x   8
 WARNING: compiled for  1024 processes.  Will not verify. 
 Layout type         :             2D
 Initialization time =   2.5065151485995772E-002
 T =    1     Checksum =    5.046735008193D+02    5.114047905510D+02
 T =    2     Checksum =   -2.688491118055D+07   -2.761135661169D+07
 T =    3     Checksum =    3.058801048620D+16    4.101367008418D+16
 T =    4     Checksum =   -4.798185164623D+36   -3.403356917752D+36
 T =    5     Checksum =    1.011737086219D+76    8.133133091642D+75
 T =    6     Checksum =   -8.397941405592+153   -3.933135946861+153
 Result verification failed
 class = A


 FT Benchmark Completed.
 Class           =                        A
 Size            =            256x 256x 128
 Iterations      =                        6
 Time in seconds =                     0.12
 Total processes =                     1056
 Compiled procs  =                     1024
 Mop/s total     =                 61204.29
 Mop/s/process   =                    57.96
 Operation type  =           floating point
 Verification    =             UNSUCCESSFUL
 Version         =                    3.3.1
 Compile date    =              24 Aug 2020

 Compile options:
    MPIF77       = ${SIMGRID_PATH}/bin/smpiff
    FLINK        = $(MPIF77)
    FMPI_LIB     = -lsimgrid -lgfortran #-lsmpi -lgras  
    FMPI_INC     = -I${SIMGRID_PATH}/include/smpi/
    FFLAGS       = -O
    FLINKFLAGS   = -L${SIMGRID_PATH}/lib
    RAND         = randi8


 Please send feedbacks and/or the results of this run to:

 NPB Development Team 
 Internet: npb@nas.nasa.gov


