

 NAS Parallel Benchmarks 3.3 -- MG Benchmark

 No input file. Using compiled defaults 
 Size:  256x 256x 256  (class A)
 Iterations:    4
 Number of processes:   1024

 Initialization time:           0.022 seconds

  iter    1
  iter    4

 Benchmark completed 
 VERIFICATION SUCCESSFUL 
 L2 Norm is  0.2433365309069E-05
 Error is    0.2031111904492E-12


 MG Benchmark Completed.
 Class           =                        A
 Size            =            256x 256x 256
 Iterations      =                        4
 Time in seconds =                     0.01
 Total processes =                     1024
 Compiled procs  =                     1024
 Mop/s total     =                383653.86
 Mop/s/process   =                   374.66
 Operation type  =           floating point
 Verification    =               SUCCESSFUL
 Version         =                    3.3.1
 Compile date    =              06 Sep 2020

 Compile options:
    MPIF77       = ${SIMGRID_PATH}/bin/smpiff
    FLINK        = $(MPIF77)
    FMPI_LIB     = -lsimgrid -lgfortran #-lsmpi -lgras
    FMPI_INC     = -I${SIMGRID_PATH}/include/smpi/
    FFLAGS       = -O
    FLINKFLAGS   = -O -L${SIMGRID_PATH}/lib
    RAND         = randi8


 Please send feedbacks and/or the results of this run to:

 NPB Development Team 
 Internet: npb@nas.nasa.gov


