

 NAS Parallel Benchmarks 3.3 -- BT Benchmark 

 No input file inputbt.data. Using compiled defaults
 Size:  102x 102x 102
 Iterations:  200    dt:   0.0003000
 Number of active processes:  1024

 Time step    1
 Time step   20
 Time step   40
 Time step   60
 Time step   80
 Time step  100
 Time step  120
 Time step  140
 Time step  160
 Time step  180
 Time step  200
 Verification being performed for class B
 accuracy setting for epsilon =  0.1000000000000E-07
 Comparison of RMS-norms of residual
           1 0.1423359722929E+04 0.1423359722929E+04 0.1006389412470E-13
           2 0.9933052259015E+02 0.9933052259015E+02 0.3576658600156E-14
           3 0.3564602564454E+03 0.3564602564454E+03 0.9567981478943E-14
           4 0.3248544795908E+03 0.3248544795908E+03 0.8749058798943E-14
           5 0.3270754125466E+04 0.3270754125466E+04 0.8063995439479E-14
 Comparison of RMS-norms of solution error
           1 0.5296984714094E+02 0.5296984714094E+02 0.3353524571581E-14
           2 0.4463289611567E+01 0.4463289611567E+01 0.1193978204863E-13
           3 0.1312257334221E+02 0.1312257334221E+02 0.8121990068913E-14
           4 0.1200692532356E+02 0.1200692532356E+02 0.9616383166343E-14
           5 0.1245957615104E+03 0.1245957615104E+03 0.1140556832988E-13
 Verification Successful


 BT Benchmark Completed.
 Class           =                        B
 Size            =            102x 102x 102
 Iterations      =                      200
 Time in seconds =                     1.08
 Total processes =                     1024
 Compiled procs  =                     1024
 Mop/s total     =                652130.73
 Mop/s/process   =                   636.85
 Operation type  =           floating point
 Verification    =               SUCCESSFUL
 Version         =                    3.3.1
 Compile date    =              06 Sep 2020

 Compile options:
    MPIF77       = ${SIMGRID_PATH}/bin/smpiff
    FLINK        = $(MPIF77)
    FMPI_LIB     = -lsimgrid -lgfortran #-lsmpi -lgras
    FMPI_INC     = -I${SIMGRID_PATH}/include/smpi/
    FFLAGS       = -O
    FLINKFLAGS   = -O -L${SIMGRID_PATH}/lib
    RAND         = (none)


 Please send feedbacks and/or the results of this run to:

 NPB Development Team 
 Internet: npb@nas.nasa.gov


